-------------------------------------------------------------------------------
Test set: com.oci.ed.http.test.HttpEmailClientSenderTest
-------------------------------------------------------------------------------
Tests run: 1, Failures: 1, Errors: 0, Skipped: 0, Time elapsed: 3.582 s <<< FAILURE! - in com.oci.ed.http.test.HttpEmailClientSenderTest
shouldSubmitEmailViaHttpEndpoint  Time elapsed: 3.575 s  <<< FAILURE!
org.opentest4j.AssertionFailedError: expected: not equal but was: <-1>
	at com.oci.ed.http.test.HttpEmailClientSenderTest.shouldSubmitEmailViaHttpEndpoint(HttpEmailClientSenderTest.java:22)

