<?xml version="1.0" encoding="UTF-8"?>
<testsuite xmlns:xsi="http://www.w3.org/2001/XMLSchema-instance" xsi:noNamespaceSchemaLocation="https://maven.apache.org/surefire/maven-surefire-plugin/xsd/surefire-test-report.xsd" name="com.oci.ed.http.test.HttpEmailClientSenderTest" time="3.582" tests="1" errors="0" skipped="0" failures="1">
  <properties>
[...]
</properties>
  <testcase name="shouldSubmitEmailViaHttpEndpoint" classname="com.oci.ed.http.test.HttpEmailClientSenderTest" time="3.575">
    <failure message="expected: not equal but was: &lt;-1&gt;" type="org.opentest4j.AssertionFailedError"><![CDATA[org.opentest4j.AssertionFailedError: expected: not equal but was: <-1>
	at com.oci.ed.http.test.HttpEmailClientSenderTest.shouldSubmitEmailViaHttpEndpoint(HttpEmailClientSenderTest.java:22)
]]></failure>
    <system-out><![CDATA[HttpEmailSender@buildEmailRequest@CompartmentId >>> <<COMPARTMENT_OCID>>
HttpEmailSender@getEmailClient@SmtpEndpoint >>> https://cell0.submit.email.us-ashburn-1.oci.oraclecloud.com
HttpEmailSender@submitHttpEmail@Error >>> com.oracle.bmc.model.BmcException: Error returned by SubmitEmail operation in Email service.(404, Unknown, false) Unexpected Content-Type: null instead of application/json. Response body: Authorization failed: address <abc@test.com> not authorized (opc-request-id: 82BDE76BC3EE4194917DA25BC28E9EC5/D8E1D7F28E79B2B2D2236865A321E942/5CF73EC768CDA0C5F009477BAA3DA184)
Timestamp: 2023-02-28T15:48:00.611Z
Client version: Oracle-JavaSDK/3.2.4-preview1-SNAPSHOT
Request Endpoint: https://cell0.submit.email.us-ashburn-1.oci.oraclecloud.com/20220926/actions/submitEmail
Troubleshooting Tips: See https://docs.oracle.com/en-us/iaas/Content/API/References/apierrors.htm#apierrors_404__404_unknown for more information about resolving this error
Also see  for details on this operation's requirements.
To get more info on the failing request, you can enable debug level logs as mentioned in `Using SLF4J for Logging section` in https://docs.oracle.com/en-us/iaas/Content/API/SDKDocs/javasdkconfig.htm.
If you are unable to resolve this Email issue, please contact Oracle support and provide them this full error message.
HttpEmailSender@submitSDKEmail@HttpResponseCode >>> -1
]]></system-out>
    <system-err><![CDATA[[main] INFO com.oracle.bmc.Services - Registering new service: Services.BasicService(serviceName=EMAIL, serviceEndpointPrefix=, serviceEndpointTemplate=https://cell0.email.{region}.oci.{secondLevelDomain}, endpointServiceName=null)
[main] INFO com.oracle.bmc.Region - Loaded service 'EMAIL' endpoint mappings: {US_ASHBURN_1=https://cell0.email.us-ashburn-1.oci.oraclecloud.com}
[main] INFO com.oracle.bmc.Region - Loaded service 'EMAIL' endpoint mappings: {US_ASHBURN_1=https://cell0.email.us-ashburn-1.oci.oraclecloud.com, AP_MUMBAI_1=https://cell0.email.ap-mumbai-1.oci.oraclecloud.com}
[main] INFO com.oracle.bmc.submitemail.EmailClient - Setting endpoint to https://cell0.email.ap-mumbai-1.oci.oraclecloud.com
[main] INFO com.oracle.bmc.http.client.jersey.JerseyHttpClientBuilder - Setting connector provider to ApacheConnectorProvider
[main] INFO com.oracle.bmc.submitemail.EmailClient - Authentication details provider configured for region 'AP_MUMBAI_1', but endpoint specifically set to 'https://cell0.submit.email.us-ashburn-1.oci.oraclecloud.com'. Using endpoint setting instead of region.
[main] INFO com.oracle.bmc.submitemail.EmailClient - Setting endpoint to https://cell0.submit.email.us-ashburn-1.oci.oraclecloud.com
[main] INFO com.oracle.bmc.http.client.jersey.JerseyHttpClientBuilder - Setting connector provider to ApacheConnectorProvider
[main] INFO com.oracle.bmc.ClientRuntime - Using SDK: Oracle-JavaSDK/3.2.4-preview1-SNAPSHOT
[main] INFO com.oracle.bmc.ClientRuntime - User agent set to: Oracle-JavaSDK/3.2.4-preview1-SNAPSHOT (Mac OS X/12.4; Java/16.0.2; OpenJDK 64-Bit Server VM/16.0.2+0)
]]></system-err>
  </testcase>
</testsuite>